2021-06-27 23:06:412 INFO  BasePage :31 - Launching Chrome Browser 
2021-06-27 23:06:492 INFO  HomePage :32 - Click On Bank Manager login link : [[ChromeDriver: chrome on WINDOWS (d823ac3867ec58b48f1be5b58f6e63af)] -> xpath: //button[contains(text(),'Bank Manager Login')]]
2021-06-27 23:06:899 INFO  BankManagerLoginPage :23 - Click on Add to customer link  : [[ChromeDriver: chrome on WINDOWS (d823ac3867ec58b48f1be5b58f6e63af)] -> xpath: //button[normalize-space()='Add Customer']]
2021-06-27 23:06:615 INFO  AddCustomerPage :31 - Enter first name  : [[ChromeDriver: chrome on WINDOWS (d823ac3867ec58b48f1be5b58f6e63af)] -> xpath: //input[@placeholder='First Name']] to first name  field : [[ChromeDriver: chrome on WINDOWS (d823ac3867ec58b48f1be5b58f6e63af)] -> xpath: //input[@placeholder='First Name']]
2021-06-27 23:06:61 INFO  AddCustomerPage :38 - Enter  last name  : [[ChromeDriver: chrome on WINDOWS (d823ac3867ec58b48f1be5b58f6e63af)] -> xpath: //input[@placeholder='Last Name']] to Last Name field : [[ChromeDriver: chrome on WINDOWS (d823ac3867ec58b48f1be5b58f6e63af)] -> xpath: //input[@placeholder='Last Name']]
2021-06-27 23:06:521 INFO  AddCustomerPage :45 - Enter  postcode  : [[ChromeDriver: chrome on WINDOWS (d823ac3867ec58b48f1be5b58f6e63af)] -> xpath: //input[@placeholder='Post Code']]
2021-06-27 23:06:610 INFO  AddCustomerPage :50 - Click on Add to Button  : [[ChromeDriver: chrome on WINDOWS (d823ac3867ec58b48f1be5b58f6e63af)] -> xpath: //button[@type='submit']]
2021-06-28 00:06:395 INFO  BasePage :31 - Launching Chrome Browser 
2021-06-28 00:06:184 INFO  HomePage :32 - Click On Bank Manager login link : [[ChromeDriver: chrome on WINDOWS (9052f2a285ed79b1c06a2b3009c067e5)] -> xpath: //button[contains(text(),'Bank Manager Login')]]
2021-06-28 00:06:541 INFO  BankManagerLoginPage :23 - Click on Add to customer link  : [[ChromeDriver: chrome on WINDOWS (9052f2a285ed79b1c06a2b3009c067e5)] -> xpath: //button[normalize-space()='Add Customer']]
2021-06-28 00:06:132 INFO  AddCustomerPage :31 - Enter first name  : [[ChromeDriver: chrome on WINDOWS (9052f2a285ed79b1c06a2b3009c067e5)] -> xpath: //input[@placeholder='First Name']] to first name  field : [[ChromeDriver: chrome on WINDOWS (9052f2a285ed79b1c06a2b3009c067e5)] -> xpath: //input[@placeholder='First Name']]
2021-06-28 00:06:475 INFO  AddCustomerPage :38 - Enter  last name  : [[ChromeDriver: chrome on WINDOWS (9052f2a285ed79b1c06a2b3009c067e5)] -> xpath: //input[@placeholder='Last Name']] to Last Name field : [[ChromeDriver: chrome on WINDOWS (9052f2a285ed79b1c06a2b3009c067e5)] -> xpath: //input[@placeholder='Last Name']]
2021-06-28 00:06:870 INFO  AddCustomerPage :45 - Enter  postcode  : [[ChromeDriver: chrome on WINDOWS (9052f2a285ed79b1c06a2b3009c067e5)] -> xpath: //input[@placeholder='Post Code']]
2021-06-28 00:06:933 INFO  AddCustomerPage :50 - Click on Add to Button  : [[ChromeDriver: chrome on WINDOWS (9052f2a285ed79b1c06a2b3009c067e5)] -> xpath: //button[@type='submit']]
2021-06-28 00:06:503 INFO  BankManagerLoginPage :30 - Click on open account tab  : [[ChromeDriver: chrome on WINDOWS (9052f2a285ed79b1c06a2b3009c067e5)] -> xpath: //button[normalize-space()='Open Account']]
2021-06-28 00:06:666 INFO  OpenAccountPage :25 - Click on Add to Button  : [[ChromeDriver: chrome on WINDOWS (9052f2a285ed79b1c06a2b3009c067e5)] -> id: userSelect]
2021-06-28 00:06:474 INFO  OpenAccountPage :33 - select currency from drop down : [[ChromeDriver: chrome on WINDOWS (9052f2a285ed79b1c06a2b3009c067e5)] -> id: currency]
2021-06-28 00:06:782 INFO  OpenAccountPage :40 - Click on process Button  : [[ChromeDriver: chrome on WINDOWS (9052f2a285ed79b1c06a2b3009c067e5)] -> xpath: //button[contains(text(),'Process')]]
2021-06-28 00:06:818 INFO  BasePage :31 - Launching Chrome Browser 
2021-06-28 00:06:789 INFO  HomePage :32 - Click On Bank Manager login link : [[ChromeDriver: chrome on WINDOWS (1f693d8bd85340a8c90997e70bd7544c)] -> xpath: //button[contains(text(),'Bank Manager Login')]]
2021-06-28 00:06:35 INFO  BankManagerLoginPage :23 - Click on Add to customer link  : [[ChromeDriver: chrome on WINDOWS (1f693d8bd85340a8c90997e70bd7544c)] -> xpath: //button[normalize-space()='Add Customer']]
2021-06-28 00:06:187 INFO  AddCustomerPage :31 - Enter first name  : [[ChromeDriver: chrome on WINDOWS (1f693d8bd85340a8c90997e70bd7544c)] -> xpath: //input[@placeholder='First Name']] to first name  field : [[ChromeDriver: chrome on WINDOWS (1f693d8bd85340a8c90997e70bd7544c)] -> xpath: //input[@placeholder='First Name']]
2021-06-28 00:06:607 INFO  AddCustomerPage :38 - Enter  last name  : [[ChromeDriver: chrome on WINDOWS (1f693d8bd85340a8c90997e70bd7544c)] -> xpath: //input[@placeholder='Last Name']] to Last Name field : [[ChromeDriver: chrome on WINDOWS (1f693d8bd85340a8c90997e70bd7544c)] -> xpath: //input[@placeholder='Last Name']]
2021-06-28 00:06:29 INFO  AddCustomerPage :45 - Enter  postcode  : [[ChromeDriver: chrome on WINDOWS (1f693d8bd85340a8c90997e70bd7544c)] -> xpath: //input[@placeholder='Post Code']]
2021-06-28 00:06:110 INFO  AddCustomerPage :50 - Click on Add to Button  : [[ChromeDriver: chrome on WINDOWS (1f693d8bd85340a8c90997e70bd7544c)] -> xpath: //button[@type='submit']]
2021-06-28 00:06:594 INFO  BankManagerLoginPage :30 - Click on open account tab  : [[ChromeDriver: chrome on WINDOWS (1f693d8bd85340a8c90997e70bd7544c)] -> xpath: //button[normalize-space()='Open Account']]
2021-06-28 00:06:797 INFO  OpenAccountPage :25 - Click on Add to Button  : [[ChromeDriver: chrome on WINDOWS (1f693d8bd85340a8c90997e70bd7544c)] -> id: userSelect]
2021-06-28 00:06:612 INFO  OpenAccountPage :33 - select currency from drop down : [[ChromeDriver: chrome on WINDOWS (1f693d8bd85340a8c90997e70bd7544c)] -> id: currency]
2021-06-28 00:06:996 INFO  OpenAccountPage :40 - Click on process Button  : [[ChromeDriver: chrome on WINDOWS (1f693d8bd85340a8c90997e70bd7544c)] -> xpath: //button[contains(text(),'Process')]]
2021-06-28 00:06:895 INFO  HomePage :37 - Click on home page : [[ChromeDriver: chrome on WINDOWS (1f693d8bd85340a8c90997e70bd7544c)] -> xpath: //button[@class='btn home']]
2021-06-28 00:06:68 INFO  HomePage :26 - Click on Customer Login Link : [[ChromeDriver: chrome on WINDOWS (1f693d8bd85340a8c90997e70bd7544c)] -> xpath: //button[contains(text(),'Customer Login')]]
2021-06-28 00:06:247 INFO  OpenAccountPage :25 - Click on Add to Button  : [[ChromeDriver: chrome on WINDOWS (1f693d8bd85340a8c90997e70bd7544c)] -> id: userSelect]
2021-06-28 00:06:167 INFO  CustomerLoginPage :30 - Click on login link  : [[ChromeDriver: chrome on WINDOWS (1f693d8bd85340a8c90997e70bd7544c)] -> xpath: //button[contains(text(),'Login')]]
2021-06-28 00:06:371 INFO  CustomerLoginPage :37 - verify logout tab displayed  : [[ChromeDriver: chrome on WINDOWS (1f693d8bd85340a8c90997e70bd7544c)] -> xpath: //button[contains(text(),'Logout')]]
2021-06-28 00:06:916 INFO  CustomerLoginPage :45 - Verify Logout Text : [[ChromeDriver: chrome on WINDOWS (1f693d8bd85340a8c90997e70bd7544c)] -> xpath: //button[contains(text(),'Logout')]]
2021-06-28 00:06:80 INFO  CustomerLoginPage :53 - click on logout button  : [[ChromeDriver: chrome on WINDOWS (1f693d8bd85340a8c90997e70bd7544c)] -> xpath: //button[contains(text(),'Logout')]]
2021-06-28 00:06:111 INFO  CustomerLoginPage :58 - verify your name is displayed  : [[ChromeDriver: chrome on WINDOWS (1f693d8bd85340a8c90997e70bd7544c)] -> xpath: //label[contains(text(),'Your Name :')]]
2021-06-28 00:06:690 INFO  CustomerLoginPage :65 - verify your name text  : [[ChromeDriver: chrome on WINDOWS (1f693d8bd85340a8c90997e70bd7544c)] -> xpath: //label[contains(text(),'Your Name :')]]
2021-06-28 00:06:859 INFO  HomePage :37 - Click on home page : [[ChromeDriver: chrome on WINDOWS (1f693d8bd85340a8c90997e70bd7544c)] -> xpath: //button[@class='btn home']]
2021-06-28 01:06:526 INFO  BasePage :31 - Launching Chrome Browser 
2021-06-28 01:06:717 INFO  HomePage :32 - Click On Bank Manager login link : [[ChromeDriver: chrome on WINDOWS (1afcb9c43a4ca88b438cf2793c2b43f7)] -> xpath: //button[contains(text(),'Bank Manager Login')]]
2021-06-28 01:06:93 INFO  BankManagerLoginPage :23 - Click on Add to customer link  : [[ChromeDriver: chrome on WINDOWS (1afcb9c43a4ca88b438cf2793c2b43f7)] -> xpath: //button[normalize-space()='Add Customer']]
2021-06-28 01:06:133 INFO  AddCustomerPage :31 - Enter first name  : [[ChromeDriver: chrome on WINDOWS (1afcb9c43a4ca88b438cf2793c2b43f7)] -> xpath: //input[@placeholder='First Name']] to first name  field : [[ChromeDriver: chrome on WINDOWS (1afcb9c43a4ca88b438cf2793c2b43f7)] -> xpath: //input[@placeholder='First Name']]
2021-06-28 01:06:570 INFO  AddCustomerPage :38 - Enter  last name  : [[ChromeDriver: chrome on WINDOWS (1afcb9c43a4ca88b438cf2793c2b43f7)] -> xpath: //input[@placeholder='Last Name']] to Last Name field : [[ChromeDriver: chrome on WINDOWS (1afcb9c43a4ca88b438cf2793c2b43f7)] -> xpath: //input[@placeholder='Last Name']]
2021-06-28 01:06:865 INFO  AddCustomerPage :45 - Enter  postcode  : [[ChromeDriver: chrome on WINDOWS (1afcb9c43a4ca88b438cf2793c2b43f7)] -> xpath: //input[@placeholder='Post Code']]
2021-06-28 01:06:912 INFO  AddCustomerPage :50 - Click on Add to Button  : [[ChromeDriver: chrome on WINDOWS (1afcb9c43a4ca88b438cf2793c2b43f7)] -> xpath: //button[@type='submit']]
2021-06-28 01:06:231 INFO  BankManagerLoginPage :30 - Click on open account tab  : [[ChromeDriver: chrome on WINDOWS (1afcb9c43a4ca88b438cf2793c2b43f7)] -> xpath: //button[normalize-space()='Open Account']]
2021-06-28 01:06:421 INFO  OpenAccountPage :25 - Click on Add to Button  : [[ChromeDriver: chrome on WINDOWS (1afcb9c43a4ca88b438cf2793c2b43f7)] -> id: userSelect]
2021-06-28 01:06:999 INFO  OpenAccountPage :33 - select currency from drop down : [[ChromeDriver: chrome on WINDOWS (1afcb9c43a4ca88b438cf2793c2b43f7)] -> id: currency]
2021-06-28 01:06:329 INFO  OpenAccountPage :40 - Click on process Button  : [[ChromeDriver: chrome on WINDOWS (1afcb9c43a4ca88b438cf2793c2b43f7)] -> xpath: //button[contains(text(),'Process')]]
2021-06-28 01:06:245 INFO  HomePage :37 - Click on home page : [[ChromeDriver: chrome on WINDOWS (1afcb9c43a4ca88b438cf2793c2b43f7)] -> xpath: //button[@class='btn home']]
2021-06-28 01:06:388 INFO  HomePage :26 - Click on Customer Login Link : [[ChromeDriver: chrome on WINDOWS (1afcb9c43a4ca88b438cf2793c2b43f7)] -> xpath: //button[contains(text(),'Customer Login')]]
2021-06-28 01:06:554 INFO  OpenAccountPage :25 - Click on Add to Button  : [[ChromeDriver: chrome on WINDOWS (1afcb9c43a4ca88b438cf2793c2b43f7)] -> id: userSelect]
2021-06-28 01:06:126 INFO  CustomerLoginPage :30 - Click on login link  : [[ChromeDriver: chrome on WINDOWS (1afcb9c43a4ca88b438cf2793c2b43f7)] -> xpath: //button[contains(text(),'Login')]]
2021-06-28 01:06:340 INFO  AddCustomerPage :46 - Clicking On Deposit Button :[[ChromeDriver: chrome on WINDOWS (1afcb9c43a4ca88b438cf2793c2b43f7)] -> xpath: //button[2][contains(text(),'Deposit')]]
2021-06-28 01:06:59 INFO  AddCustomerPage :53 - Enter a Amount :[[ChromeDriver: chrome on WINDOWS (1afcb9c43a4ca88b438cf2793c2b43f7)] -> xpath: //div[@class='form-group']/input]
2021-06-28 01:06:185 INFO  AddCustomerPage :59 - Clicking On Deposit Tab :[[ChromeDriver: chrome on WINDOWS (1afcb9c43a4ca88b438cf2793c2b43f7)] -> xpath: //form[@name='myForm']/button]
2021-06-28 01:06:708 INFO  AddCustomerPage :64 - get message to verify :[[ChromeDriver: chrome on WINDOWS (1afcb9c43a4ca88b438cf2793c2b43f7)] -> xpath: //span[@class='error ng-binding']]
2021-06-28 01:06:843 INFO  HomePage :37 - Click on home page : [[ChromeDriver: chrome on WINDOWS (1afcb9c43a4ca88b438cf2793c2b43f7)] -> xpath: //button[@class='btn home']]
2021-06-28 01:06:346 INFO  BasePage :31 - Launching Chrome Browser 
2021-06-28 01:06:519 INFO  HomePage :32 - Click On Bank Manager login link : [[ChromeDriver: chrome on WINDOWS (5062132455b53e19eaf938d97a6b0ef1)] -> xpath: //button[contains(text(),'Bank Manager Login')]]
2021-06-28 01:06:842 INFO  BankManagerLoginPage :23 - Click on Add to customer link  : [[ChromeDriver: chrome on WINDOWS (5062132455b53e19eaf938d97a6b0ef1)] -> xpath: //button[normalize-space()='Add Customer']]
2021-06-28 01:06:298 INFO  AddCustomerPage :31 - Enter first name  : [[ChromeDriver: chrome on WINDOWS (5062132455b53e19eaf938d97a6b0ef1)] -> xpath: //input[@placeholder='First Name']] to first name  field : [[ChromeDriver: chrome on WINDOWS (5062132455b53e19eaf938d97a6b0ef1)] -> xpath: //input[@placeholder='First Name']]
2021-06-28 01:06:586 INFO  AddCustomerPage :38 - Enter  last name  : [[ChromeDriver: chrome on WINDOWS (5062132455b53e19eaf938d97a6b0ef1)] -> xpath: //input[@placeholder='Last Name']] to Last Name field : [[ChromeDriver: chrome on WINDOWS (5062132455b53e19eaf938d97a6b0ef1)] -> xpath: //input[@placeholder='Last Name']]
2021-06-28 01:06:860 INFO  AddCustomerPage :45 - Enter  postcode  : [[ChromeDriver: chrome on WINDOWS (5062132455b53e19eaf938d97a6b0ef1)] -> xpath: //input[@placeholder='Post Code']]
2021-06-28 01:06:918 INFO  AddCustomerPage :50 - Click on Add to Button  : [[ChromeDriver: chrome on WINDOWS (5062132455b53e19eaf938d97a6b0ef1)] -> xpath: //button[@type='submit']]
2021-06-28 01:06:450 INFO  BankManagerLoginPage :30 - Click on open account tab  : [[ChromeDriver: chrome on WINDOWS (5062132455b53e19eaf938d97a6b0ef1)] -> xpath: //button[normalize-space()='Open Account']]
2021-06-28 01:06:616 INFO  OpenAccountPage :25 - Click on Add to Button  : [[ChromeDriver: chrome on WINDOWS (5062132455b53e19eaf938d97a6b0ef1)] -> id: userSelect]
2021-06-28 01:06:394 INFO  OpenAccountPage :33 - select currency from drop down : [[ChromeDriver: chrome on WINDOWS (5062132455b53e19eaf938d97a6b0ef1)] -> id: currency]
2021-06-28 01:06:722 INFO  OpenAccountPage :40 - Click on process Button  : [[ChromeDriver: chrome on WINDOWS (5062132455b53e19eaf938d97a6b0ef1)] -> xpath: //button[contains(text(),'Process')]]
2021-06-28 01:06:623 INFO  HomePage :37 - Click on home page : [[ChromeDriver: chrome on WINDOWS (5062132455b53e19eaf938d97a6b0ef1)] -> xpath: //button[@class='btn home']]
2021-06-28 01:06:770 INFO  HomePage :26 - Click on Customer Login Link : [[ChromeDriver: chrome on WINDOWS (5062132455b53e19eaf938d97a6b0ef1)] -> xpath: //button[contains(text(),'Customer Login')]]
2021-06-28 01:06:943 INFO  OpenAccountPage :25 - Click on Add to Button  : [[ChromeDriver: chrome on WINDOWS (5062132455b53e19eaf938d97a6b0ef1)] -> id: userSelect]
2021-06-28 01:06:698 INFO  CustomerLoginPage :30 - Click on login link  : [[ChromeDriver: chrome on WINDOWS (5062132455b53e19eaf938d97a6b0ef1)] -> xpath: //button[contains(text(),'Login')]]
2021-06-28 01:06:969 INFO  AddCustomerPage :46 - Clicking On Deposit Button :[[ChromeDriver: chrome on WINDOWS (5062132455b53e19eaf938d97a6b0ef1)] -> xpath: //button[2][contains(text(),'Deposit')]]
2021-06-28 01:06:774 INFO  AddCustomerPage :53 - Enter a Amount :[[ChromeDriver: chrome on WINDOWS (5062132455b53e19eaf938d97a6b0ef1)] -> xpath: //div[@class='form-group']/input]
2021-06-28 01:06:962 INFO  AddCustomerPage :59 - Clicking On Deposit Tab :[[ChromeDriver: chrome on WINDOWS (5062132455b53e19eaf938d97a6b0ef1)] -> xpath: //form[@name='myForm']/button]
2021-06-28 01:06:511 INFO  AddCustomerPage :64 - get message to verify :[[ChromeDriver: chrome on WINDOWS (5062132455b53e19eaf938d97a6b0ef1)] -> xpath: //span[@class='error ng-binding']]
2021-06-28 01:06:605 INFO  AddCustomerPage :73 - clicking on Withdrawal button :[[ChromeDriver: chrome on WINDOWS (5062132455b53e19eaf938d97a6b0ef1)] -> xpath: //button[contains(text(),'Withdrawl')]]
2021-06-28 01:06:888 INFO  AddCustomerPage :82 - enter Withdrawal amount :[[ChromeDriver: chrome on WINDOWS (5062132455b53e19eaf938d97a6b0ef1)] -> xpath: //input[@placeholder='amount']]
2021-06-28 01:06:412 INFO  AddCustomerPage :89 - clicking on Withdrawal :[[ChromeDriver: chrome on WINDOWS (5062132455b53e19eaf938d97a6b0ef1)] -> xpath: //button[@class='btn btn-default']]
2021-06-28 01:06:90 INFO  AddCustomerPage :94 - get message to verify :Proxy element for: DefaultElementLocator 'By.xpath: //span[@class='error ng-binding']'
2021-06-28 01:06:623 INFO  BasePage :31 - Launching Chrome Browser 
2021-06-28 01:06:455 INFO  HomePage :32 - Click On Bank Manager login link : [[ChromeDriver: chrome on WINDOWS (ec3ac8de36b3eedcab26bc4946b7feaf)] -> xpath: //button[contains(text(),'Bank Manager Login')]]
2021-06-28 01:06:708 INFO  BankManagerLoginPage :23 - Click on Add to customer link  : [[ChromeDriver: chrome on WINDOWS (ec3ac8de36b3eedcab26bc4946b7feaf)] -> xpath: //button[normalize-space()='Add Customer']]
2021-06-28 01:06:272 INFO  AddCustomerPage :31 - Enter first name  : [[ChromeDriver: chrome on WINDOWS (ec3ac8de36b3eedcab26bc4946b7feaf)] -> xpath: //input[@placeholder='First Name']] to first name  field : [[ChromeDriver: chrome on WINDOWS (ec3ac8de36b3eedcab26bc4946b7feaf)] -> xpath: //input[@placeholder='First Name']]
2021-06-28 01:06:584 INFO  AddCustomerPage :38 - Enter  last name  : [[ChromeDriver: chrome on WINDOWS (ec3ac8de36b3eedcab26bc4946b7feaf)] -> xpath: //input[@placeholder='Last Name']] to Last Name field : [[ChromeDriver: chrome on WINDOWS (ec3ac8de36b3eedcab26bc4946b7feaf)] -> xpath: //input[@placeholder='Last Name']]
2021-06-28 01:06:867 INFO  AddCustomerPage :45 - Enter  postcode  : [[ChromeDriver: chrome on WINDOWS (ec3ac8de36b3eedcab26bc4946b7feaf)] -> xpath: //input[@placeholder='Post Code']]
2021-06-28 01:06:930 INFO  AddCustomerPage :50 - Click on Add to Button  : [[ChromeDriver: chrome on WINDOWS (ec3ac8de36b3eedcab26bc4946b7feaf)] -> xpath: //button[@type='submit']]
2021-06-28 01:06:327 INFO  BankManagerLoginPage :30 - Click on open account tab  : [[ChromeDriver: chrome on WINDOWS (ec3ac8de36b3eedcab26bc4946b7feaf)] -> xpath: //button[normalize-space()='Open Account']]
2021-06-28 01:06:475 INFO  OpenAccountPage :25 - Click on Add to Button  : [[ChromeDriver: chrome on WINDOWS (ec3ac8de36b3eedcab26bc4946b7feaf)] -> id: userSelect]
2021-06-28 01:06:161 INFO  OpenAccountPage :33 - select currency from drop down : [[ChromeDriver: chrome on WINDOWS (ec3ac8de36b3eedcab26bc4946b7feaf)] -> id: currency]
2021-06-28 01:06:425 INFO  OpenAccountPage :40 - Click on process Button  : [[ChromeDriver: chrome on WINDOWS (ec3ac8de36b3eedcab26bc4946b7feaf)] -> xpath: //button[contains(text(),'Process')]]
2021-06-28 01:06:272 INFO  HomePage :37 - Click on home page : [[ChromeDriver: chrome on WINDOWS (ec3ac8de36b3eedcab26bc4946b7feaf)] -> xpath: //button[@class='btn home']]
2021-06-28 01:06:439 INFO  HomePage :26 - Click on Customer Login Link : [[ChromeDriver: chrome on WINDOWS (ec3ac8de36b3eedcab26bc4946b7feaf)] -> xpath: //button[contains(text(),'Customer Login')]]
2021-06-28 01:06:621 INFO  OpenAccountPage :25 - Click on Add to Button  : [[ChromeDriver: chrome on WINDOWS (ec3ac8de36b3eedcab26bc4946b7feaf)] -> id: userSelect]
2021-06-28 01:06:184 INFO  CustomerLoginPage :30 - Click on login link  : [[ChromeDriver: chrome on WINDOWS (ec3ac8de36b3eedcab26bc4946b7feaf)] -> xpath: //button[contains(text(),'Login')]]
2021-06-28 01:06:419 INFO  AddCustomerPage :46 - Clicking On Deposit Button :[[ChromeDriver: chrome on WINDOWS (ec3ac8de36b3eedcab26bc4946b7feaf)] -> xpath: //button[2][contains(text(),'Deposit')]]
2021-06-28 01:06:185 INFO  AddCustomerPage :53 - Enter a Amount :[[ChromeDriver: chrome on WINDOWS (ec3ac8de36b3eedcab26bc4946b7feaf)] -> xpath: //div[@class='form-group']/input]
2021-06-28 01:06:327 INFO  AddCustomerPage :59 - Clicking On Deposit Tab :[[ChromeDriver: chrome on WINDOWS (ec3ac8de36b3eedcab26bc4946b7feaf)] -> xpath: //form[@name='myForm']/button]
2021-06-28 01:06:877 INFO  AddCustomerPage :64 - get message to verify :[[ChromeDriver: chrome on WINDOWS (ec3ac8de36b3eedcab26bc4946b7feaf)] -> xpath: //span[@class='error ng-binding']]
2021-06-28 01:06:440 INFO  AddCustomerPage :73 - clicking on Withdrawal button :[[ChromeDriver: chrome on WINDOWS (ec3ac8de36b3eedcab26bc4946b7feaf)] -> xpath: //button[contains(text(),'Withdrawl')]]
2021-06-28 01:06:209 INFO  AddCustomerPage :82 - enter Withdrawal amount :[[ChromeDriver: chrome on WINDOWS (ec3ac8de36b3eedcab26bc4946b7feaf)] -> xpath: //input[@placeholder='amount']]
2021-06-28 01:06:334 INFO  AddCustomerPage :89 - clicking on Withdrawal :[[ChromeDriver: chrome on WINDOWS (ec3ac8de36b3eedcab26bc4946b7feaf)] -> xpath: //button[@class='btn btn-default']]
2021-06-28 01:06:866 INFO  AddCustomerPage :94 - get message to verify :[[ChromeDriver: chrome on WINDOWS (ec3ac8de36b3eedcab26bc4946b7feaf)] -> xpath: //span[@class='error ng-binding']]
2021-06-28 23:06:64 INFO  BasePage :31 - Launching Chrome Browser 
2021-06-28 23:06:236 INFO  HomePage :32 - Click On Bank Manager login link : [[ChromeDriver: chrome on WINDOWS (0c2840a7e8695d2044ca6400821b4b85)] -> xpath: //button[contains(text(),'Bank Manager Login')]]
2021-06-28 23:06:841 INFO  BankManagerLoginPage :23 - Click on Add to customer link  : [[ChromeDriver: chrome on WINDOWS (0c2840a7e8695d2044ca6400821b4b85)] -> xpath: //button[normalize-space()='Add Customer']]
2021-06-28 23:06:518 INFO  AddCustomerPage :31 - Enter first name  : [[ChromeDriver: chrome on WINDOWS (0c2840a7e8695d2044ca6400821b4b85)] -> xpath: //input[@placeholder='First Name']] to first name  field : [[ChromeDriver: chrome on WINDOWS (0c2840a7e8695d2044ca6400821b4b85)] -> xpath: //input[@placeholder='First Name']]
2021-06-28 23:06:878 INFO  AddCustomerPage :38 - Enter  last name  : [[ChromeDriver: chrome on WINDOWS (0c2840a7e8695d2044ca6400821b4b85)] -> xpath: //input[@placeholder='Last Name']] to Last Name field : [[ChromeDriver: chrome on WINDOWS (0c2840a7e8695d2044ca6400821b4b85)] -> xpath: //input[@placeholder='Last Name']]
2021-06-28 23:06:228 INFO  AddCustomerPage :45 - Enter  postcode  : [[ChromeDriver: chrome on WINDOWS (0c2840a7e8695d2044ca6400821b4b85)] -> xpath: //input[@placeholder='Post Code']]
2021-06-28 23:06:292 INFO  AddCustomerPage :50 - Click on Add to Button  : [[ChromeDriver: chrome on WINDOWS (0c2840a7e8695d2044ca6400821b4b85)] -> xpath: //button[@type='submit']]
2021-06-28 23:06:842 INFO  BankManagerLoginPage :30 - Click on open account tab  : [[ChromeDriver: chrome on WINDOWS (0c2840a7e8695d2044ca6400821b4b85)] -> xpath: //button[normalize-space()='Open Account']]
2021-06-28 23:06:68 INFO  OpenAccountPage :25 - Click on Add to Button  : [[ChromeDriver: chrome on WINDOWS (0c2840a7e8695d2044ca6400821b4b85)] -> id: userSelect]
2021-06-28 23:06:24 INFO  OpenAccountPage :33 - select currency from drop down : [[ChromeDriver: chrome on WINDOWS (0c2840a7e8695d2044ca6400821b4b85)] -> id: currency]
2021-06-28 23:06:479 INFO  OpenAccountPage :40 - Click on process Button  : [[ChromeDriver: chrome on WINDOWS (0c2840a7e8695d2044ca6400821b4b85)] -> xpath: //button[contains(text(),'Process')]]
2021-06-28 23:06:484 INFO  HomePage :37 - Click on home page : [[ChromeDriver: chrome on WINDOWS (0c2840a7e8695d2044ca6400821b4b85)] -> xpath: //button[@class='btn home']]
2021-06-28 23:06:623 INFO  HomePage :26 - Click on Customer Login Link : [[ChromeDriver: chrome on WINDOWS (0c2840a7e8695d2044ca6400821b4b85)] -> xpath: //button[contains(text(),'Customer Login')]]
2021-06-28 23:06:793 INFO  OpenAccountPage :25 - Click on Add to Button  : [[ChromeDriver: chrome on WINDOWS (0c2840a7e8695d2044ca6400821b4b85)] -> id: userSelect]
2021-06-28 23:06:477 INFO  CustomerLoginPage :30 - Click on login link  : [[ChromeDriver: chrome on WINDOWS (0c2840a7e8695d2044ca6400821b4b85)] -> xpath: //button[contains(text(),'Login')]]
2021-06-28 23:06:753 INFO  AddCustomerPage :46 - Clicking On Deposit Button :[[ChromeDriver: chrome on WINDOWS (0c2840a7e8695d2044ca6400821b4b85)] -> xpath: //button[2][contains(text(),'Deposit')]]
2021-06-28 23:06:563 INFO  AddCustomerPage :53 - Enter a Amount :[[ChromeDriver: chrome on WINDOWS (0c2840a7e8695d2044ca6400821b4b85)] -> xpath: //div[@class='form-group']/input]
2021-06-28 23:06:727 INFO  AddCustomerPage :59 - Clicking On Deposit Tab :[[ChromeDriver: chrome on WINDOWS (0c2840a7e8695d2044ca6400821b4b85)] -> xpath: //form[@name='myForm']/button]
2021-06-28 23:06:267 INFO  AddCustomerPage :64 - get message to verify :[[ChromeDriver: chrome on WINDOWS (0c2840a7e8695d2044ca6400821b4b85)] -> xpath: //span[@class='error ng-binding']]
2021-06-28 23:06:864 INFO  AddCustomerPage :73 - clicking on Withdrawal button :[[ChromeDriver: chrome on WINDOWS (0c2840a7e8695d2044ca6400821b4b85)] -> xpath: //button[contains(text(),'Withdrawl')]]
2021-06-28 23:06:759 INFO  AddCustomerPage :82 - enter Withdrawal amount :[[ChromeDriver: chrome on WINDOWS (0c2840a7e8695d2044ca6400821b4b85)] -> xpath: //input[@placeholder='amount']]
2021-06-28 23:06:923 INFO  AddCustomerPage :89 - clicking on Withdrawal :[[ChromeDriver: chrome on WINDOWS (0c2840a7e8695d2044ca6400821b4b85)] -> xpath: //button[@class='btn btn-default']]
2021-06-28 23:06:471 INFO  AddCustomerPage :94 - get message to verify :[[ChromeDriver: chrome on WINDOWS (0c2840a7e8695d2044ca6400821b4b85)] -> xpath: //span[@class='error ng-binding']]
2021-06-30 17:06:813 INFO  BasePage :31 - Launching Chrome Browser 
2021-06-30 17:06:328 INFO  HomePage :32 - Click On Bank Manager login link : [[ChromeDriver: chrome on WINDOWS (a3db229aa8bc3aa862ba9ee86a65d817)] -> xpath: //button[contains(text(),'Bank Manager Login')]]
2021-06-30 17:06:731 INFO  BankManagerLoginPage :23 - Click on Add to customer link  : [[ChromeDriver: chrome on WINDOWS (a3db229aa8bc3aa862ba9ee86a65d817)] -> xpath: //button[normalize-space()='Add Customer']]
2021-06-30 17:06:296 INFO  AddCustomerPage :31 - Enter first name  : [[ChromeDriver: chrome on WINDOWS (a3db229aa8bc3aa862ba9ee86a65d817)] -> xpath: //input[@placeholder='First Name']] to first name  field : [[ChromeDriver: chrome on WINDOWS (a3db229aa8bc3aa862ba9ee86a65d817)] -> xpath: //input[@placeholder='First Name']]
2021-06-30 17:06:550 INFO  AddCustomerPage :38 - Enter  last name  : [[ChromeDriver: chrome on WINDOWS (a3db229aa8bc3aa862ba9ee86a65d817)] -> xpath: //input[@placeholder='Last Name']] to Last Name field : [[ChromeDriver: chrome on WINDOWS (a3db229aa8bc3aa862ba9ee86a65d817)] -> xpath: //input[@placeholder='Last Name']]
2021-06-30 17:06:857 INFO  AddCustomerPage :45 - Enter  postcode  : [[ChromeDriver: chrome on WINDOWS (a3db229aa8bc3aa862ba9ee86a65d817)] -> xpath: //input[@placeholder='Post Code']]
2021-06-30 17:06:904 INFO  AddCustomerPage :50 - Click on Add to Button  : [[ChromeDriver: chrome on WINDOWS (a3db229aa8bc3aa862ba9ee86a65d817)] -> xpath: //button[@type='submit']]
2021-06-30 17:06:150 INFO  BasePage :31 - Launching Chrome Browser 
2021-06-30 17:06:646 INFO  HomePage :32 - Click On Bank Manager login link : [[ChromeDriver: chrome on WINDOWS (185bf5efdca416582b8d68a71b09eaae)] -> xpath: //button[contains(text(),'Bank Manager Login')]]
2021-06-30 17:06:673 INFO  BankManagerLoginPage :23 - Click on Add to customer link  : [[ChromeDriver: chrome on WINDOWS (185bf5efdca416582b8d68a71b09eaae)] -> xpath: //button[normalize-space()='Add Customer']]
2021-06-30 17:06:140 INFO  AddCustomerPage :31 - Enter first name  : [[ChromeDriver: chrome on WINDOWS (185bf5efdca416582b8d68a71b09eaae)] -> xpath: //input[@placeholder='First Name']] to first name  field : [[ChromeDriver: chrome on WINDOWS (185bf5efdca416582b8d68a71b09eaae)] -> xpath: //input[@placeholder='First Name']]
2021-06-30 17:06:406 INFO  AddCustomerPage :38 - Enter  last name  : [[ChromeDriver: chrome on WINDOWS (185bf5efdca416582b8d68a71b09eaae)] -> xpath: //input[@placeholder='Last Name']] to Last Name field : [[ChromeDriver: chrome on WINDOWS (185bf5efdca416582b8d68a71b09eaae)] -> xpath: //input[@placeholder='Last Name']]
2021-06-30 17:06:620 INFO  AddCustomerPage :45 - Enter  postcode  : [[ChromeDriver: chrome on WINDOWS (185bf5efdca416582b8d68a71b09eaae)] -> xpath: //input[@placeholder='Post Code']]
2021-06-30 17:06:670 INFO  AddCustomerPage :50 - Click on Add to Button  : [[ChromeDriver: chrome on WINDOWS (185bf5efdca416582b8d68a71b09eaae)] -> xpath: //button[@type='submit']]
2021-06-30 17:06:966 INFO  BankManagerLoginPage :30 - Click on open account tab  : [[ChromeDriver: chrome on WINDOWS (185bf5efdca416582b8d68a71b09eaae)] -> xpath: //button[normalize-space()='Open Account']]
2021-06-30 17:06:182 INFO  OpenAccountPage :25 - Click on Add to Button  : [[ChromeDriver: chrome on WINDOWS (185bf5efdca416582b8d68a71b09eaae)] -> id: userSelect]
2021-06-30 17:06:82 INFO  OpenAccountPage :33 - select currency from drop down : [[ChromeDriver: chrome on WINDOWS (185bf5efdca416582b8d68a71b09eaae)] -> id: currency]
2021-06-30 17:06:334 INFO  OpenAccountPage :40 - Click on process Button  : [[ChromeDriver: chrome on WINDOWS (185bf5efdca416582b8d68a71b09eaae)] -> xpath: //button[contains(text(),'Process')]]
2021-06-30 17:06:681 INFO  BasePage :31 - Launching Chrome Browser 
2021-06-30 17:06:446 INFO  HomePage :32 - Click On Bank Manager login link : [[ChromeDriver: chrome on WINDOWS (b10a43ca65800b3215c0f3d329ee9dd5)] -> xpath: //button[contains(text(),'Bank Manager Login')]]
2021-06-30 17:06:778 INFO  BankManagerLoginPage :23 - Click on Add to customer link  : [[ChromeDriver: chrome on WINDOWS (b10a43ca65800b3215c0f3d329ee9dd5)] -> xpath: //button[normalize-space()='Add Customer']]
2021-06-30 17:06:438 INFO  AddCustomerPage :31 - Enter first name  : [[ChromeDriver: chrome on WINDOWS (b10a43ca65800b3215c0f3d329ee9dd5)] -> xpath: //input[@placeholder='First Name']] to first name  field : [[ChromeDriver: chrome on WINDOWS (b10a43ca65800b3215c0f3d329ee9dd5)] -> xpath: //input[@placeholder='First Name']]
2021-06-30 17:06:760 INFO  AddCustomerPage :38 - Enter  last name  : [[ChromeDriver: chrome on WINDOWS (b10a43ca65800b3215c0f3d329ee9dd5)] -> xpath: //input[@placeholder='Last Name']] to Last Name field : [[ChromeDriver: chrome on WINDOWS (b10a43ca65800b3215c0f3d329ee9dd5)] -> xpath: //input[@placeholder='Last Name']]
2021-06-30 17:06:49 INFO  AddCustomerPage :45 - Enter  postcode  : [[ChromeDriver: chrome on WINDOWS (b10a43ca65800b3215c0f3d329ee9dd5)] -> xpath: //input[@placeholder='Post Code']]
2021-06-30 17:06:142 INFO  AddCustomerPage :50 - Click on Add to Button  : [[ChromeDriver: chrome on WINDOWS (b10a43ca65800b3215c0f3d329ee9dd5)] -> xpath: //button[@type='submit']]
2021-06-30 17:06:616 INFO  BankManagerLoginPage :30 - Click on open account tab  : [[ChromeDriver: chrome on WINDOWS (b10a43ca65800b3215c0f3d329ee9dd5)] -> xpath: //button[normalize-space()='Open Account']]
2021-06-30 17:06:29 INFO  OpenAccountPage :25 - Click on Add to Button  : [[ChromeDriver: chrome on WINDOWS (b10a43ca65800b3215c0f3d329ee9dd5)] -> id: userSelect]
2021-06-30 17:06:557 INFO  OpenAccountPage :33 - select currency from drop down : [[ChromeDriver: chrome on WINDOWS (b10a43ca65800b3215c0f3d329ee9dd5)] -> id: currency]
2021-06-30 17:06:825 INFO  OpenAccountPage :40 - Click on process Button  : [[ChromeDriver: chrome on WINDOWS (b10a43ca65800b3215c0f3d329ee9dd5)] -> xpath: //button[contains(text(),'Process')]]
2021-06-30 17:06:741 INFO  HomePage :37 - Click on home page : [[ChromeDriver: chrome on WINDOWS (b10a43ca65800b3215c0f3d329ee9dd5)] -> xpath: //button[@class='btn home']]
2021-06-30 17:06:864 INFO  HomePage :26 - Click on Customer Login Link : [[ChromeDriver: chrome on WINDOWS (b10a43ca65800b3215c0f3d329ee9dd5)] -> xpath: //button[contains(text(),'Customer Login')]]
2021-06-30 17:06:89 INFO  OpenAccountPage :25 - Click on Add to Button  : [[ChromeDriver: chrome on WINDOWS (b10a43ca65800b3215c0f3d329ee9dd5)] -> id: userSelect]
2021-06-30 17:06:731 INFO  CustomerLoginPage :30 - Click on login link  : [[ChromeDriver: chrome on WINDOWS (b10a43ca65800b3215c0f3d329ee9dd5)] -> xpath: //button[contains(text(),'Login')]]
2021-06-30 17:06:827 INFO  CustomerLoginPage :37 - verify logout tab displayed  : [[ChromeDriver: chrome on WINDOWS (b10a43ca65800b3215c0f3d329ee9dd5)] -> xpath: //button[contains(text(),'Logout')]]
2021-06-30 17:06:369 INFO  CustomerLoginPage :45 - Verify Logout Text : [[ChromeDriver: chrome on WINDOWS (b10a43ca65800b3215c0f3d329ee9dd5)] -> xpath: //button[contains(text(),'Logout')]]
2021-06-30 17:06:579 INFO  CustomerLoginPage :53 - click on logout button  : [[ChromeDriver: chrome on WINDOWS (b10a43ca65800b3215c0f3d329ee9dd5)] -> xpath: //button[contains(text(),'Logout')]]
2021-06-30 17:06:610 INFO  CustomerLoginPage :58 - verify your name is displayed  : [[ChromeDriver: chrome on WINDOWS (b10a43ca65800b3215c0f3d329ee9dd5)] -> xpath: //label[contains(text(),'Your Name :')]]
2021-06-30 17:06:200 INFO  CustomerLoginPage :65 - verify your name text  : [[ChromeDriver: chrome on WINDOWS (b10a43ca65800b3215c0f3d329ee9dd5)] -> xpath: //label[contains(text(),'Your Name :')]]
2021-06-30 17:06:338 INFO  HomePage :37 - Click on home page : [[ChromeDriver: chrome on WINDOWS (b10a43ca65800b3215c0f3d329ee9dd5)] -> xpath: //button[@class='btn home']]
2021-06-30 17:06:818 INFO  BasePage :31 - Launching Chrome Browser 
2021-06-30 17:06:469 INFO  HomePage :32 - Click On Bank Manager login link : [[ChromeDriver: chrome on WINDOWS (d047ab7f3fd28cd34829a06e7a1c01f8)] -> xpath: //button[contains(text(),'Bank Manager Login')]]
2021-06-30 17:06:878 INFO  BankManagerLoginPage :23 - Click on Add to customer link  : [[ChromeDriver: chrome on WINDOWS (d047ab7f3fd28cd34829a06e7a1c01f8)] -> xpath: //button[normalize-space()='Add Customer']]
2021-06-30 17:06:592 INFO  AddCustomerPage :31 - Enter first name  : [[ChromeDriver: chrome on WINDOWS (d047ab7f3fd28cd34829a06e7a1c01f8)] -> xpath: //input[@placeholder='First Name']] to first name  field : [[ChromeDriver: chrome on WINDOWS (d047ab7f3fd28cd34829a06e7a1c01f8)] -> xpath: //input[@placeholder='First Name']]
2021-06-30 17:06:210 INFO  AddCustomerPage :38 - Enter  last name  : [[ChromeDriver: chrome on WINDOWS (d047ab7f3fd28cd34829a06e7a1c01f8)] -> xpath: //input[@placeholder='Last Name']] to Last Name field : [[ChromeDriver: chrome on WINDOWS (d047ab7f3fd28cd34829a06e7a1c01f8)] -> xpath: //input[@placeholder='Last Name']]
2021-06-30 17:06:486 INFO  AddCustomerPage :45 - Enter  postcode  : [[ChromeDriver: chrome on WINDOWS (d047ab7f3fd28cd34829a06e7a1c01f8)] -> xpath: //input[@placeholder='Post Code']]
2021-06-30 17:06:533 INFO  AddCustomerPage :50 - Click on Add to Button  : [[ChromeDriver: chrome on WINDOWS (d047ab7f3fd28cd34829a06e7a1c01f8)] -> xpath: //button[@type='submit']]
2021-06-30 17:06:33 INFO  BankManagerLoginPage :30 - Click on open account tab  : [[ChromeDriver: chrome on WINDOWS (d047ab7f3fd28cd34829a06e7a1c01f8)] -> xpath: //button[normalize-space()='Open Account']]
2021-06-30 17:06:231 INFO  OpenAccountPage :25 - Click on Add to Button  : [[ChromeDriver: chrome on WINDOWS (d047ab7f3fd28cd34829a06e7a1c01f8)] -> id: userSelect]
2021-06-30 17:06:746 INFO  OpenAccountPage :33 - select currency from drop down : [[ChromeDriver: chrome on WINDOWS (d047ab7f3fd28cd34829a06e7a1c01f8)] -> id: currency]
2021-06-30 17:06:32 INFO  OpenAccountPage :40 - Click on process Button  : [[ChromeDriver: chrome on WINDOWS (d047ab7f3fd28cd34829a06e7a1c01f8)] -> xpath: //button[contains(text(),'Process')]]
2021-06-30 17:06:889 INFO  HomePage :37 - Click on home page : [[ChromeDriver: chrome on WINDOWS (d047ab7f3fd28cd34829a06e7a1c01f8)] -> xpath: //button[@class='btn home']]
2021-06-30 17:06:16 INFO  HomePage :26 - Click on Customer Login Link : [[ChromeDriver: chrome on WINDOWS (d047ab7f3fd28cd34829a06e7a1c01f8)] -> xpath: //button[contains(text(),'Customer Login')]]
2021-06-30 17:06:174 INFO  OpenAccountPage :25 - Click on Add to Button  : [[ChromeDriver: chrome on WINDOWS (d047ab7f3fd28cd34829a06e7a1c01f8)] -> id: userSelect]
2021-06-30 17:06:752 INFO  CustomerLoginPage :30 - Click on login link  : [[ChromeDriver: chrome on WINDOWS (d047ab7f3fd28cd34829a06e7a1c01f8)] -> xpath: //button[contains(text(),'Login')]]
2021-06-30 17:06:63 INFO  AddCustomerPage :46 - Clicking On Deposit Button :[[ChromeDriver: chrome on WINDOWS (d047ab7f3fd28cd34829a06e7a1c01f8)] -> xpath: //button[2][contains(text(),'Deposit')]]
2021-06-30 17:06:744 INFO  AddCustomerPage :53 - Enter a Amount :[[ChromeDriver: chrome on WINDOWS (d047ab7f3fd28cd34829a06e7a1c01f8)] -> xpath: //div[@class='form-group']/input]
2021-06-30 17:06:848 INFO  AddCustomerPage :59 - Clicking On Deposit Tab :[[ChromeDriver: chrome on WINDOWS (d047ab7f3fd28cd34829a06e7a1c01f8)] -> xpath: //form[@name='myForm']/button]
2021-06-30 17:06:412 INFO  AddCustomerPage :64 - get message to verify :[[ChromeDriver: chrome on WINDOWS (d047ab7f3fd28cd34829a06e7a1c01f8)] -> xpath: //span[@class='error ng-binding']]
2021-06-30 17:06:571 INFO  HomePage :37 - Click on home page : [[ChromeDriver: chrome on WINDOWS (d047ab7f3fd28cd34829a06e7a1c01f8)] -> xpath: //button[@class='btn home']]
2021-06-30 17:06:883 INFO  BasePage :31 - Launching Chrome Browser 
2021-06-30 17:06:439 INFO  HomePage :32 - Click On Bank Manager login link : [[ChromeDriver: chrome on WINDOWS (d6b85c60af0cf3d3a19ba50f51873d64)] -> xpath: //button[contains(text(),'Bank Manager Login')]]
2021-06-30 17:06:760 INFO  BankManagerLoginPage :23 - Click on Add to customer link  : [[ChromeDriver: chrome on WINDOWS (d6b85c60af0cf3d3a19ba50f51873d64)] -> xpath: //button[normalize-space()='Add Customer']]
2021-06-30 17:06:434 INFO  AddCustomerPage :31 - Enter first name  : [[ChromeDriver: chrome on WINDOWS (d6b85c60af0cf3d3a19ba50f51873d64)] -> xpath: //input[@placeholder='First Name']] to first name  field : [[ChromeDriver: chrome on WINDOWS (d6b85c60af0cf3d3a19ba50f51873d64)] -> xpath: //input[@placeholder='First Name']]
2021-06-30 17:06:373 INFO  AddCustomerPage :38 - Enter  last name  : [[ChromeDriver: chrome on WINDOWS (d6b85c60af0cf3d3a19ba50f51873d64)] -> xpath: //input[@placeholder='Last Name']] to Last Name field : [[ChromeDriver: chrome on WINDOWS (d6b85c60af0cf3d3a19ba50f51873d64)] -> xpath: //input[@placeholder='Last Name']]
2021-06-30 17:06:749 INFO  AddCustomerPage :45 - Enter  postcode  : [[ChromeDriver: chrome on WINDOWS (d6b85c60af0cf3d3a19ba50f51873d64)] -> xpath: //input[@placeholder='Post Code']]
2021-06-30 17:06:811 INFO  AddCustomerPage :50 - Click on Add to Button  : [[ChromeDriver: chrome on WINDOWS (d6b85c60af0cf3d3a19ba50f51873d64)] -> xpath: //button[@type='submit']]
2021-06-30 17:06:137 INFO  BankManagerLoginPage :30 - Click on open account tab  : [[ChromeDriver: chrome on WINDOWS (d6b85c60af0cf3d3a19ba50f51873d64)] -> xpath: //button[normalize-space()='Open Account']]
2021-06-30 17:06:452 INFO  OpenAccountPage :25 - Click on Add to Button  : [[ChromeDriver: chrome on WINDOWS (d6b85c60af0cf3d3a19ba50f51873d64)] -> id: userSelect]
2021-06-30 17:06:957 INFO  OpenAccountPage :33 - select currency from drop down : [[ChromeDriver: chrome on WINDOWS (d6b85c60af0cf3d3a19ba50f51873d64)] -> id: currency]
2021-06-30 17:06:251 INFO  OpenAccountPage :40 - Click on process Button  : [[ChromeDriver: chrome on WINDOWS (d6b85c60af0cf3d3a19ba50f51873d64)] -> xpath: //button[contains(text(),'Process')]]
2021-06-30 17:06:56 INFO  HomePage :37 - Click on home page : [[ChromeDriver: chrome on WINDOWS (d6b85c60af0cf3d3a19ba50f51873d64)] -> xpath: //button[@class='btn home']]
2021-06-30 17:06:169 INFO  HomePage :26 - Click on Customer Login Link : [[ChromeDriver: chrome on WINDOWS (d6b85c60af0cf3d3a19ba50f51873d64)] -> xpath: //button[contains(text(),'Customer Login')]]
2021-06-30 17:06:468 INFO  OpenAccountPage :25 - Click on Add to Button  : [[ChromeDriver: chrome on WINDOWS (d6b85c60af0cf3d3a19ba50f51873d64)] -> id: userSelect]
2021-06-30 17:06:82 INFO  CustomerLoginPage :30 - Click on login link  : [[ChromeDriver: chrome on WINDOWS (d6b85c60af0cf3d3a19ba50f51873d64)] -> xpath: //button[contains(text(),'Login')]]
2021-06-30 17:06:323 INFO  AddCustomerPage :46 - Clicking On Deposit Button :[[ChromeDriver: chrome on WINDOWS (d6b85c60af0cf3d3a19ba50f51873d64)] -> xpath: //button[2][contains(text(),'Deposit')]]
2021-06-30 17:06:31 INFO  AddCustomerPage :53 - Enter a Amount :[[ChromeDriver: chrome on WINDOWS (d6b85c60af0cf3d3a19ba50f51873d64)] -> xpath: //div[@class='form-group']/input]
2021-06-30 17:06:143 INFO  AddCustomerPage :59 - Clicking On Deposit Tab :[[ChromeDriver: chrome on WINDOWS (d6b85c60af0cf3d3a19ba50f51873d64)] -> xpath: //form[@name='myForm']/button]
2021-06-30 17:06:669 INFO  AddCustomerPage :64 - get message to verify :[[ChromeDriver: chrome on WINDOWS (d6b85c60af0cf3d3a19ba50f51873d64)] -> xpath: //span[@class='error ng-binding']]
2021-06-30 17:06:231 INFO  AddCustomerPage :73 - clicking on Withdrawal button :[[ChromeDriver: chrome on WINDOWS (d6b85c60af0cf3d3a19ba50f51873d64)] -> xpath: //button[contains(text(),'Withdrawl')]]
2021-06-30 17:06:77 INFO  AddCustomerPage :82 - enter Withdrawal amount :[[ChromeDriver: chrome on WINDOWS (d6b85c60af0cf3d3a19ba50f51873d64)] -> xpath: //input[@placeholder='amount']]
2021-06-30 17:06:213 INFO  AddCustomerPage :89 - clicking on Withdrawal :[[ChromeDriver: chrome on WINDOWS (d6b85c60af0cf3d3a19ba50f51873d64)] -> xpath: //button[@class='btn btn-default']]
2021-06-30 17:06:761 INFO  AddCustomerPage :94 - get message to verify :[[ChromeDriver: chrome on WINDOWS (d6b85c60af0cf3d3a19ba50f51873d64)] -> xpath: //span[@class='error ng-binding']]
